<?xml version="1.0" encoding="UTF-8"?>
<testng-results ignored="0" total="1" passed="1" failed="0" skipped="0">
  <reporter-output>
  </reporter-output>
  <suite started-at="2022-04-05T15:50:16 IST" name="Default suite" finished-at="2022-04-05T15:51:14 IST" duration-ms="57845">
    <groups>
    </groups>
    <test started-at="2022-04-05T15:50:16 IST" name="Default test" finished-at="2022-04-05T15:51:14 IST" duration-ms="57845">
      <class name="com.sca.testcases.AccountPageTest">
        <test-method is-config="true" signature="login()[pri:0, instance:com.sca.testcases.AccountPageTest@1700915]" started-at="2022-04-05T15:50:18 IST" name="login" finished-at="2022-04-05T15:50:53 IST" duration-ms="35143" status="PASS">
          <reporter-output>
          </reporter-output>
        </test-method> <!-- login -->
        <test-method signature="craetenewacc(java.lang.String)[pri:0, instance:com.sca.testcases.AccountPageTest@1700915]" started-at="2022-04-05T15:50:53 IST" name="craetenewacc" data-provider="getAccountDetails" finished-at="2022-04-05T15:51:14 IST" duration-ms="20880" status="PASS">
          <params>
            <param index="0">
              <value>
                <![CDATA[AsianPaints]]>
              </value>
            </param>
          </params>
          <reporter-output>
          </reporter-output>
        </test-method> <!-- craetenewacc -->
        <test-method is-config="true" signature="tearDown()[pri:0, instance:com.sca.testcases.AccountPageTest@1700915]" started-at="2022-04-05T15:51:14 IST" name="tearDown" finished-at="2022-04-05T15:51:14 IST" duration-ms="404" status="PASS">
          <reporter-output>
          </reporter-output>
        </test-method> <!-- tearDown -->
      </class> <!-- com.sca.testcases.AccountPageTest -->
    </test> <!-- Default test -->
  </suite> <!-- Default suite -->
</testng-results>
